<?xml version="1.0" encoding="UTF-8"?>
<!-- Generated by org.testng.reporters.JUnitXMLReporter -->
<testsuite ignored="0" hostname="LAPTOP-9IFD2125" failures="1" tests="10" name="Surefire test" time="3.94" errors="0" timestamp="2025-07-06T18:25:56 GMT-04:00">
  <testcase classname="restassuredtests.Demo1_GetRequestTest" name="testGetUsers" time="2.716"/>
  <testcase classname="restassuredtests.Demo2_PostRequestTest" name="testCreateUser" time="0.43"/>
  <testcase classname="restassuredtests.Demo3_PUTRequestTest" name="testCreateUser" time="0.146"/>
  <testcase classname="restassuredtests.Demo4_DeleteRequestTest" name="DeletePost" time="0.159"/>
  <testcase classname="restassuredtests.Demo5_BasicValidationsJSONTest" name="testStatusCode" time="0.121"/>
  <testcase classname="restassuredtests.Demo5_BasicValidationsJSONTest" name="testLogResponse" time="0.044"/>
  <testcase classname="restassuredtests.Demo5_BasicValidationsJSONTest" name="testSingleContent" time="0.06"/>
  <testcase classname="restassuredtests.Demo5_BasicValidationsJSONTest" name="testMultipleContent" time="0.096">
    <failure type="java.lang.AssertionError" message="1 expectation failed.
JSON path title doesn&amp;apos;t match.
Expected: iterable containing [&amp;quot;molestias&amp;quot;]
  Actual: ea molestias quasi exercitationem repellat qui ipsa sit aut
">
      <![CDATA[java.lang.AssertionError: 1 expectation failed.
JSON path title doesn't match.
Expected: iterable containing ["molestias"]
  Actual: ea molestias quasi exercitationem repellat qui ipsa sit aut

at org.codehaus.groovy.runtime.callsite.ConstructorSite$ConstructorSiteNoUnwrapNoCoerce.callConstructor(ConstructorSite.java:108)
at org.codehaus.groovy.runtime.callsite.CallSiteArray.defaultCallConstructor(CallSiteArray.java:57)
at org.codehaus.groovy.runtime.callsite.AbstractCallSite.callConstructor(AbstractCallSite.java:263)
at org.codehaus.groovy.runtime.callsite.AbstractCallSite.callConstructor(AbstractCallSite.java:277)
at io.restassured.internal.ResponseSpecificationImpl$HamcrestAssertionClosure.validate(ResponseSpecificationImpl.groovy:512)
at io.restassured.internal.ResponseSpecificationImpl$HamcrestAssertionClosure$validate$1.call(Unknown Source)
at io.restassured.internal.ResponseSpecificationImpl.validateResponseIfRequired(ResponseSpecificationImpl.groovy:696)
at io.restassured.internal.ResponseSpecificationImpl.this$2$validateResponseIfRequired(ResponseSpecificationImpl.groovy)
at org.codehaus.groovy.runtime.callsite.PlainObjectMetaMethodSite.doInvoke(PlainObjectMetaMethodSite.java:43)
at org.codehaus.groovy.runtime.callsite.PogoMetaMethodSite$PogoCachedMethodSiteNoUnwrapNoCoerce.invoke(PogoMetaMethodSite.java:198)
at org.codehaus.groovy.runtime.callsite.PogoMetaMethodSite.callCurrent(PogoMetaMethodSite.java:62)
at org.codehaus.groovy.runtime.callsite.AbstractCallSite.callCurrent(AbstractCallSite.java:185)
at io.restassured.internal.ResponseSpecificationImpl.body(ResponseSpecificationImpl.groovy:270)
at io.restassured.specification.ResponseSpecification$body$1.callCurrent(Unknown Source)
at org.codehaus.groovy.runtime.callsite.CallSiteArray.defaultCallCurrent(CallSiteArray.java:49)
at io.restassured.specification.ResponseSpecification$body$1.callCurrent(Unknown Source)
at io.restassured.internal.ResponseSpecificationImpl.body(ResponseSpecificationImpl.groovy:117)
at io.restassured.internal.ValidatableResponseOptionsImpl.body(ValidatableResponseOptionsImpl.java:244)
at restassuredtests.Demo5_BasicValidationsJSONTest.testMultipleContent(Demo5_BasicValidationsJSONTest.java:52)
at java.base/java.util.ArrayList.forEach(ArrayList.java:1604)
... Removed 36 stack frames]]>
    </failure>
  </testcase> <!-- testMultipleContent -->
  <testcase classname="restassuredtests.Demo5_BasicValidationsJSONTest" name="testHeaderContent" time="0.042"/>
  <testcase classname="restassuredtests.Demo5_BasicValidationsJSONTest" name="testBaseURIAndPath" time="0.054"/>
</testsuite> <!-- Surefire test -->
