<?xml version="1.0" encoding="UTF-8"?>
<testng-results ignored="0" total="10" passed="9" failed="1" skipped="0">
  <reporter-output>
  </reporter-output>
  <suite started-at="2025-07-04T23:54:49 GMT-04:00" name="Surefire suite" finished-at="2025-07-04T23:54:53 GMT-04:00" duration-ms="4156">
    <groups>
    </groups>
    <test started-at="2025-07-04T23:54:49 GMT-04:00" name="Surefire test" finished-at="2025-07-04T23:54:53 GMT-04:00" duration-ms="4156">
      <class name="restassuredtests.Demo4_DeleteRequestTest">
        <test-method signature="DeletePost()[pri:0, instance:restassuredtests.Demo4_DeleteRequestTest@14a2f921]" started-at="2025-07-04T23:54:52 GMT-04:00" name="DeletePost" finished-at="2025-07-04T23:54:52 GMT-04:00" duration-ms="173" status="PASS">
          <reporter-output>
          </reporter-output>
        </test-method> <!-- DeletePost -->
      </class> <!-- restassuredtests.Demo4_DeleteRequestTest -->
      <class name="restassuredtests.Demo5_BasicValidationsJSONTest">
        <test-method signature="testStatusCode()[pri:1, instance:restassuredtests.Demo5_BasicValidationsJSONTest@3c87521]" started-at="2025-07-04T23:54:52 GMT-04:00" name="testStatusCode" finished-at="2025-07-04T23:54:52 GMT-04:00" duration-ms="68" status="PASS">
          <reporter-output>
          </reporter-output>
        </test-method> <!-- testStatusCode -->
        <test-method signature="testLogResponse()[pri:2, instance:restassuredtests.Demo5_BasicValidationsJSONTest@3c87521]" started-at="2025-07-04T23:54:52 GMT-04:00" name="testLogResponse" finished-at="2025-07-04T23:54:52 GMT-04:00" duration-ms="46" status="PASS">
          <reporter-output>
          </reporter-output>
        </test-method> <!-- testLogResponse -->
        <test-method signature="testSingleContent()[pri:3, instance:restassuredtests.Demo5_BasicValidationsJSONTest@3c87521]" started-at="2025-07-04T23:54:52 GMT-04:00" name="testSingleContent" finished-at="2025-07-04T23:54:53 GMT-04:00" duration-ms="77" status="PASS">
          <reporter-output>
          </reporter-output>
        </test-method> <!-- testSingleContent -->
        <test-method signature="testMultipleContent()[pri:4, instance:restassuredtests.Demo5_BasicValidationsJSONTest@3c87521]" started-at="2025-07-04T23:54:53 GMT-04:00" name="testMultipleContent" finished-at="2025-07-04T23:54:53 GMT-04:00" duration-ms="79" status="FAIL">
          <exception class="java.lang.AssertionError">
            <message>
              <![CDATA[1 expectation failed.
JSON path title doesn't match.
Expected: a collection containing "ea molestias quasi exercitationem repellat qui ipsa sit aut"
  Actual: ea molestias quasi exercitationem repellat qui ipsa sit aut
]]>
            </message>
            <full-stacktrace>
              <![CDATA[java.lang.AssertionError: 1 expectation failed.
JSON path title doesn't match.
Expected: a collection containing "ea molestias quasi exercitationem repellat qui ipsa sit aut"
  Actual: ea molestias quasi exercitationem repellat qui ipsa sit aut

at java.base/jdk.internal.reflect.DirectConstructorHandleAccessor.newInstance(DirectConstructorHandleAccessor.java:62)
at java.base/java.lang.reflect.Constructor.newInstanceWithCaller(Constructor.java:499)
at java.base/java.lang.reflect.Constructor.newInstance(Constructor.java:483)
at org.codehaus.groovy.reflection.CachedConstructor.invoke(CachedConstructor.java:73)
at org.codehaus.groovy.runtime.callsite.ConstructorSite$ConstructorSiteNoUnwrapNoCoerce.callConstructor(ConstructorSite.java:108)
at org.codehaus.groovy.runtime.callsite.CallSiteArray.defaultCallConstructor(CallSiteArray.java:57)
at org.codehaus.groovy.runtime.callsite.AbstractCallSite.callConstructor(AbstractCallSite.java:263)
at org.codehaus.groovy.runtime.callsite.AbstractCallSite.callConstructor(AbstractCallSite.java:277)
at io.restassured.internal.ResponseSpecificationImpl$HamcrestAssertionClosure.validate(ResponseSpecificationImpl.groovy:512)
at io.restassured.internal.ResponseSpecificationImpl$HamcrestAssertionClosure$validate$1.call(Unknown Source)
at io.restassured.internal.ResponseSpecificationImpl.validateResponseIfRequired(ResponseSpecificationImpl.groovy:696)
at io.restassured.internal.ResponseSpecificationImpl.this$2$validateResponseIfRequired(ResponseSpecificationImpl.groovy)
at java.base/jdk.internal.reflect.DirectMethodHandleAccessor.invoke(DirectMethodHandleAccessor.java:104)
at java.base/java.lang.reflect.Method.invoke(Method.java:565)
at org.codehaus.groovy.runtime.callsite.PlainObjectMetaMethodSite.doInvoke(PlainObjectMetaMethodSite.java:43)
at org.codehaus.groovy.runtime.callsite.PogoMetaMethodSite$PogoCachedMethodSiteNoUnwrapNoCoerce.invoke(PogoMetaMethodSite.java:198)
at org.codehaus.groovy.runtime.callsite.PogoMetaMethodSite.callCurrent(PogoMetaMethodSite.java:62)
at org.codehaus.groovy.runtime.callsite.AbstractCallSite.callCurrent(AbstractCallSite.java:185)
at io.restassured.internal.ResponseSpecificationImpl.body(ResponseSpecificationImpl.groovy:270)
at io.restassured.specification.ResponseSpecification$body$1.callCurrent(Unknown Source)
at org.codehaus.groovy.runtime.callsite.CallSiteArray.defaultCallCurrent(CallSiteArray.java:49)
at io.restassured.specification.ResponseSpecification$body$1.callCurrent(Unknown Source)
at io.restassured.internal.ResponseSpecificationImpl.body(ResponseSpecificationImpl.groovy:117)
at io.restassured.internal.ValidatableResponseOptionsImpl.body(ValidatableResponseOptionsImpl.java:244)
at restassuredtests.Demo5_BasicValidationsJSONTest.testMultipleContent(Demo5_BasicValidationsJSONTest.java:51)
at java.base/jdk.internal.reflect.DirectMethodHandleAccessor.invoke(DirectMethodHandleAccessor.java:104)
at java.base/java.lang.reflect.Method.invoke(Method.java:565)
at org.testng.internal.invokers.MethodInvocationHelper.invokeMethod(MethodInvocationHelper.java:141)
at org.testng.internal.invokers.TestInvoker.invokeMethod(TestInvoker.java:686)
at org.testng.internal.invokers.TestInvoker.invokeTestMethod(TestInvoker.java:230)
at org.testng.internal.invokers.MethodRunner.runInSequence(MethodRunner.java:63)
at org.testng.internal.invokers.TestInvoker$MethodInvocationAgent.invoke(TestInvoker.java:992)
at org.testng.internal.invokers.TestInvoker.invokeTestMethods(TestInvoker.java:203)
at org.testng.internal.invokers.TestMethodWorker.invokeTestMethods(TestMethodWorker.java:154)
at org.testng.internal.invokers.TestMethodWorker.run(TestMethodWorker.java:134)
at java.base/java.util.ArrayList.forEach(ArrayList.java:1604)
at org.testng.TestRunner.privateRun(TestRunner.java:739)
at org.testng.TestRunner.run(TestRunner.java:614)
at org.testng.SuiteRunner.runTest(SuiteRunner.java:421)
at org.testng.SuiteRunner.runSequentially(SuiteRunner.java:413)
at org.testng.SuiteRunner.privateRun(SuiteRunner.java:373)
at org.testng.SuiteRunner.run(SuiteRunner.java:312)
at org.testng.SuiteRunnerWorker.runSuite(SuiteRunnerWorker.java:52)
at org.testng.SuiteRunnerWorker.run(SuiteRunnerWorker.java:95)
at org.testng.TestNG.runSuitesSequentially(TestNG.java:1274)
at org.testng.TestNG.runSuitesLocally(TestNG.java:1208)
at org.testng.TestNG.runSuites(TestNG.java:1112)
at org.testng.TestNG.run(TestNG.java:1079)
at org.apache.maven.surefire.testng.TestNGExecutor.run(TestNGExecutor.java:155)
at org.apache.maven.surefire.testng.TestNGDirectoryTestSuite.executeMulti(TestNGDirectoryTestSuite.java:169)
at org.apache.maven.surefire.testng.TestNGDirectoryTestSuite.execute(TestNGDirectoryTestSuite.java:88)
at org.apache.maven.surefire.testng.TestNGProvider.invoke(TestNGProvider.java:137)
at org.apache.maven.surefire.booter.ForkedBooter.runSuitesInProcess(ForkedBooter.java:385)
at org.apache.maven.surefire.booter.ForkedBooter.execute(ForkedBooter.java:162)
at org.apache.maven.surefire.booter.ForkedBooter.run(ForkedBooter.java:507)
at org.apache.maven.surefire.booter.ForkedBooter.main(ForkedBooter.java:495)
]]>
            </full-stacktrace>
          </exception> <!-- java.lang.AssertionError -->
          <reporter-output>
          </reporter-output>
        </test-method> <!-- testMultipleContent -->
        <test-method signature="testHeaderContent()[pri:5, instance:restassuredtests.Demo5_BasicValidationsJSONTest@3c87521]" started-at="2025-07-04T23:54:53 GMT-04:00" name="testHeaderContent" finished-at="2025-07-04T23:54:53 GMT-04:00" duration-ms="50" status="PASS">
          <reporter-output>
          </reporter-output>
        </test-method> <!-- testHeaderContent -->
        <test-method signature="testBaseURIAndPath()[pri:6, instance:restassuredtests.Demo5_BasicValidationsJSONTest@3c87521]" started-at="2025-07-04T23:54:53 GMT-04:00" name="testBaseURIAndPath" finished-at="2025-07-04T23:54:53 GMT-04:00" duration-ms="73" status="PASS">
          <reporter-output>
          </reporter-output>
        </test-method> <!-- testBaseURIAndPath -->
      </class> <!-- restassuredtests.Demo5_BasicValidationsJSONTest -->
      <class name="restassuredtests.Demo3_PUTRequestTest">
        <test-method is-config="true" signature="payload()[pri:0, instance:restassuredtests.Demo3_PUTRequestTest@212bf671]" started-at="2025-07-04T23:54:52 GMT-04:00" name="payload" finished-at="2025-07-04T23:54:52 GMT-04:00" duration-ms="1" status="PASS">
          <reporter-output>
          </reporter-output>
        </test-method> <!-- payload -->
        <test-method signature="testCreateUser()[pri:0, instance:restassuredtests.Demo3_PUTRequestTest@212bf671]" started-at="2025-07-04T23:54:52 GMT-04:00" name="testCreateUser" finished-at="2025-07-04T23:54:52 GMT-04:00" duration-ms="172" status="PASS">
          <reporter-output>
          </reporter-output>
        </test-method> <!-- testCreateUser -->
      </class> <!-- restassuredtests.Demo3_PUTRequestTest -->
      <class name="restassuredtests.Demo2_PostRequestTest">
        <test-method is-config="true" signature="payload()[pri:0, instance:restassuredtests.Demo2_PostRequestTest@2ed0fbae]" started-at="2025-07-04T23:54:51 GMT-04:00" name="payload" finished-at="2025-07-04T23:54:51 GMT-04:00" duration-ms="7" status="PASS">
          <reporter-output>
          </reporter-output>
        </test-method> <!-- payload -->
        <test-method signature="testCreateUser()[pri:0, instance:restassuredtests.Demo2_PostRequestTest@2ed0fbae]" started-at="2025-07-04T23:54:51 GMT-04:00" name="testCreateUser" finished-at="2025-07-04T23:54:52 GMT-04:00" duration-ms="471" status="PASS">
          <reporter-output>
          </reporter-output>
        </test-method> <!-- testCreateUser -->
      </class> <!-- restassuredtests.Demo2_PostRequestTest -->
      <class name="restassuredtests.Demo1_GetRequestTest">
        <test-method signature="testGetUsers()[pri:0, instance:restassuredtests.Demo1_GetRequestTest@44a664f2]" started-at="2025-07-04T23:54:49 GMT-04:00" name="testGetUsers" finished-at="2025-07-04T23:54:51 GMT-04:00" duration-ms="2855" status="PASS">
          <reporter-output>
          </reporter-output>
        </test-method> <!-- testGetUsers -->
      </class> <!-- restassuredtests.Demo1_GetRequestTest -->
    </test> <!-- Surefire test -->
  </suite> <!-- Surefire suite -->
</testng-results>
